2020-06-15 21:34:25 INFO  Log:37 - Execution time of UserController.loadIndex.[] :: 6 ms
2020-06-15 21:34:26 INFO  Log:37 - Execution time of UserController.loadIndex.[] :: 0 ms
2020-06-15 21:34:26 INFO  Log:37 - Execution time of UserController.loadIndex.[] :: 0 ms
2020-06-15 21:34:47 INFO  Log:37 - Execution time of UserController.loadIndex.[] :: 0 ms
2020-06-15 21:34:53 INFO  Log:37 - Execution time of UserController.loadIndex.[] :: 0 ms
2020-06-15 21:45:49 INFO  Log:37 - Execution time of UserController.loadIndex.[] :: 9 ms
2020-06-15 21:46:21 INFO  Log:37 - Execution time of UserController.user.[org.springframework.security.authentication.UsernamePasswordAuthenticationToken@442be9fb: Principal: org.springframework.security.core.userdetails.User@36ebcb: Username: user; Password: [PROTECTED]; Enabled: true; AccountNonExpired: true; credentialsNonExpired: true; AccountNonLocked: true; Granted Authorities: ROLE_USER; Credentials: [PROTECTED]; Authenticated: true; Details: org.springframework.security.web.authentication.WebAuthenticationDetails@0: RemoteIpAddress: 0:0:0:0:0:0:0:1; SessionId: 5C6479CB97371FBBC58BC42155774CC1; Granted Authorities: ROLE_USER] :: 0 ms
2020-06-15 21:47:18 INFO  Log:37 - Execution time of UserController.loadIndex.[] :: 8 ms
2020-06-15 21:47:23 INFO  Log:37 - Execution time of UserController.user.[org.springframework.security.authentication.UsernamePasswordAuthenticationToken@4428690f: Principal: org.springframework.security.core.userdetails.User@36ebcb: Username: user; Password: [PROTECTED]; Enabled: true; AccountNonExpired: true; credentialsNonExpired: true; AccountNonLocked: true; Granted Authorities: ROLE_USER; Credentials: [PROTECTED]; Authenticated: true; Details: org.springframework.security.web.authentication.WebAuthenticationDetails@380f4: RemoteIpAddress: 0:0:0:0:0:0:0:1; SessionId: A3327672D1C7B823E9EDFD7662482818; Granted Authorities: ROLE_USER] :: 1 ms
2020-06-15 21:48:08 INFO  Log:37 - Execution time of UserController.user.[org.springframework.security.authentication.UsernamePasswordAuthenticationToken@4428690f: Principal: org.springframework.security.core.userdetails.User@36ebcb: Username: user; Password: [PROTECTED]; Enabled: true; AccountNonExpired: true; credentialsNonExpired: true; AccountNonLocked: true; Granted Authorities: ROLE_USER; Credentials: [PROTECTED]; Authenticated: true; Details: org.springframework.security.web.authentication.WebAuthenticationDetails@380f4: RemoteIpAddress: 0:0:0:0:0:0:0:1; SessionId: A3327672D1C7B823E9EDFD7662482818; Granted Authorities: ROLE_USER] :: 0 ms
2020-06-15 21:51:52 INFO  Log:37 - Execution time of UserController.loadIndex.[] :: 7 ms
2020-06-15 21:52:31 INFO  Log:37 - Execution time of UserController.admin.[] :: 0 ms
2020-06-15 21:52:54 INFO  Log:37 - Execution time of UserController.loadIndex.[] :: 0 ms
2020-06-15 21:52:55 INFO  Log:37 - Execution time of UserController.loadIndex.[] :: 0 ms
2020-06-15 21:52:57 INFO  Log:37 - Execution time of UserController.loadIndex.[] :: 0 ms
2020-06-15 21:53:01 INFO  Log:37 - Execution time of UserController.loadIndex.[] :: 0 ms
2020-06-15 21:53:12 INFO  Log:37 - Execution time of UserController.loadIndex.[] :: 0 ms
2020-06-15 21:53:18 INFO  Log:37 - Execution time of UserController.loadIndex.[] :: 0 ms
2020-06-15 21:53:19 INFO  Log:37 - Execution time of UserController.admin.[] :: 0 ms
2020-06-15 21:53:22 INFO  Log:37 - Execution time of UserController.loadIndex.[] :: 0 ms
2020-06-15 21:53:25 INFO  Log:37 - Execution time of UserController.loadIndex.[] :: 0 ms
2020-06-15 21:54:05 INFO  Log:37 - Execution time of UserController.loadIndex.[] :: 8 ms
2020-06-15 21:54:15 INFO  Log:37 - Execution time of UserController.user.[org.springframework.security.authentication.UsernamePasswordAuthenticationToken@bbd570c3: Principal: org.springframework.security.core.userdetails.User@36ebcb: Username: user; Password: [PROTECTED]; Enabled: true; AccountNonExpired: true; credentialsNonExpired: true; AccountNonLocked: true; Granted Authorities: ROLE_USER; Credentials: [PROTECTED]; Authenticated: true; Details: org.springframework.security.web.authentication.WebAuthenticationDetails@fffe9938: RemoteIpAddress: 0:0:0:0:0:0:0:1; SessionId: 085D7DA499F7477C17E201117BAC2879; Granted Authorities: ROLE_USER] :: 0 ms
2020-06-15 21:54:23 INFO  Log:37 - Execution time of UserController.loadIndex.[] :: 0 ms
2020-06-15 21:54:26 INFO  Log:37 - Execution time of UserController.loadIndex.[] :: 0 ms
2020-06-15 21:54:27 INFO  Log:37 - Execution time of UserController.user.[org.springframework.security.authentication.UsernamePasswordAuthenticationToken@bbd570c3: Principal: org.springframework.security.core.userdetails.User@36ebcb: Username: user; Password: [PROTECTED]; Enabled: true; AccountNonExpired: true; credentialsNonExpired: true; AccountNonLocked: true; Granted Authorities: ROLE_USER; Credentials: [PROTECTED]; Authenticated: true; Details: org.springframework.security.web.authentication.WebAuthenticationDetails@fffe9938: RemoteIpAddress: 0:0:0:0:0:0:0:1; SessionId: 085D7DA499F7477C17E201117BAC2879; Granted Authorities: ROLE_USER] :: 0 ms
2020-06-15 21:54:30 INFO  Log:37 - Execution time of UserController.loadIndex.[] :: 0 ms
2020-06-15 21:54:31 INFO  Log:37 - Execution time of UserController.loadIndex.[] :: 0 ms
2020-06-15 21:54:42 INFO  Log:37 - Execution time of UserController.loadIndex.[] :: 0 ms
2020-06-15 21:54:44 INFO  Log:37 - Execution time of UserController.admin.[] :: 0 ms
2020-06-15 21:54:45 INFO  Log:37 - Execution time of UserController.loadIndex.[] :: 0 ms
2020-06-15 21:54:46 INFO  Log:37 - Execution time of UserController.loadIndex.[] :: 0 ms
2020-06-15 21:54:47 INFO  Log:37 - Execution time of UserController.loadIndex.[] :: 0 ms
2020-06-15 21:54:48 INFO  Log:37 - Execution time of UserController.admin.[] :: 0 ms
2020-06-15 21:54:49 INFO  Log:37 - Execution time of UserController.loadIndex.[] :: 0 ms
2020-06-15 21:56:27 INFO  Log:37 - Execution time of UserController.loadIndex.[] :: 7 ms
2020-06-15 21:56:31 INFO  Log:37 - Execution time of UserController.loadIndex.[] :: 0 ms
2020-06-15 21:56:36 INFO  Log:37 - Execution time of UserController.admin.[] :: 0 ms
2020-06-15 21:57:33 INFO  Log:37 - Execution time of UserController.loadIndex.[] :: 7 ms
2020-06-15 21:57:34 INFO  Log:37 - Execution time of UserController.loadIndex.[] :: 0 ms
2020-06-15 21:57:34 INFO  Log:37 - Execution time of UserController.loadIndex.[] :: 0 ms
2020-06-15 21:57:39 INFO  Log:37 - Execution time of UserController.admin.[] :: 0 ms
2020-06-15 22:11:37 INFO  Log:37 - Execution time of UserController.loadIndex.[] :: 8 ms
2020-06-15 22:11:42 INFO  Log:37 - Execution time of UserController.loadIndex.[] :: 0 ms
2020-06-15 22:11:48 INFO  Log:37 - Execution time of UserController.loadIndex.[] :: 0 ms
2020-06-15 22:11:52 INFO  Log:37 - Execution time of UserController.admin.[] :: 0 ms
2020-06-15 22:19:53 INFO  Log:37 - Execution time of UserController.loadIndex.[] :: 9 ms
2020-06-15 22:21:36 INFO  Log:37 - Execution time of UserController.loadIndex.[] :: 0 ms
2020-06-15 22:23:23 INFO  Log:37 - Execution time of UserController.loadIndex.[] :: 7 ms
2020-06-15 22:23:26 INFO  Log:37 - Execution time of UserController.loadIndex.[] :: 0 ms
2020-06-15 22:23:32 INFO  Log:37 - Execution time of UserController.admin.[] :: 1 ms
2020-06-15 22:23:35 INFO  Log:37 - Execution time of UserController.loadIndex.[] :: 0 ms
2020-06-15 22:23:37 INFO  Log:37 - Execution time of UserController.admin.[] :: 0 ms
2020-06-15 22:23:54 INFO  Log:37 - Execution time of UserController.loadIndex.[] :: 0 ms
2020-06-15 22:23:55 INFO  Log:37 - Execution time of UserController.user.[org.springframework.security.authentication.UsernamePasswordAuthenticationToken@bbd6db8b: Principal: org.springframework.security.core.userdetails.User@36ebcb: Username: user; Password: [PROTECTED]; Enabled: true; AccountNonExpired: true; credentialsNonExpired: true; AccountNonLocked: true; Granted Authorities: ROLE_USER; Credentials: [PROTECTED]; Authenticated: true; Details: org.springframework.security.web.authentication.WebAuthenticationDetails@fffd3270: RemoteIpAddress: 0:0:0:0:0:0:0:1; SessionId: 0CDFD8478D215FCC92F0AC4A43AA077A; Granted Authorities: ROLE_USER] :: 0 ms
2020-06-15 22:24:34 INFO  Log:37 - Execution time of UserController.loadIndex.[] :: 9 ms
2020-06-15 22:24:40 INFO  Log:37 - Execution time of UserController.admin.[] :: 0 ms
2020-06-15 22:25:09 INFO  Log:37 - Execution time of UserController.loadIndex.[] :: 0 ms
2020-06-15 22:25:20 INFO  Log:37 - Execution time of UserController.loadIndex.[] :: 0 ms
2020-06-15 22:25:22 INFO  Log:37 - Execution time of UserController.user.[org.springframework.security.authentication.UsernamePasswordAuthenticationToken@442be9fb: Principal: org.springframework.security.core.userdetails.User@36ebcb: Username: user; Password: [PROTECTED]; Enabled: true; AccountNonExpired: true; credentialsNonExpired: true; AccountNonLocked: true; Granted Authorities: ROLE_USER; Credentials: [PROTECTED]; Authenticated: true; Details: org.springframework.security.web.authentication.WebAuthenticationDetails@0: RemoteIpAddress: 0:0:0:0:0:0:0:1; SessionId: E3A5E9F34B326745FA86B14C90BDF6A9; Granted Authorities: ROLE_USER] :: 0 ms
